----启动中，读取到的环境变量:[dev]，jar地址:[nested:/home/g0j/桌面/苏研院/SpringBlade/blade-auth/target/blade-auth.jar/]----
17:31:43.126 [main] INFO com.alibaba.nacos.client.utils.ClientBasicParamUtil -- [settings] [req-serv] nacos-server port:8848
17:31:43.129 [main] INFO com.alibaba.nacos.client.config.NacosConfigService -- Nacos client key init properties: 
	serverAddr=127.0.0.1:8848
	username=nacos
	password=n***s

17:31:43.137 [main] INFO com.alibaba.nacos.client.address.AbstractServerListManager -- Load and match ServerListProvider com.alibaba.nacos.client.address.EndpointServerListProvider, match result: false
17:31:43.137 [main] INFO com.alibaba.nacos.client.address.AbstractServerListManager -- Load and match ServerListProvider com.alibaba.nacos.client.address.PropertiesListProvider, match result: true
17:31:43.137 [main] INFO com.alibaba.nacos.client.address.AbstractServerListManager -- Will use com.alibaba.nacos.client.address.PropertiesListProvider as ServerListProvider
17:31:43.146 [main] INFO com.alibaba.nacos.client.utils.ParamUtil -- [settings] [http-client] connect timeout:1000
17:31:43.146 [main] INFO com.alibaba.nacos.client.utils.ParamUtil -- [settings] [http-client] read timeout:3000
17:31:43.146 [main] INFO com.alibaba.nacos.client.utils.ParamUtil -- PER_TASK_CONFIG_SIZE: 3000.0
17:31:43.178 [main] INFO com.alibaba.nacos.common.labels -- DefaultLabelsCollectorManager get labels.....
17:31:43.178 [main] INFO com.alibaba.nacos.common.labels -- Process LabelsCollector with [name:defaultNacosLabelsCollector]
17:31:43.178 [main] INFO com.alibaba.nacos.common.labels -- default nacos collect properties raw labels: null
17:31:43.179 [main] INFO com.alibaba.nacos.common.labels -- default nacos collect properties labels: {}
17:31:43.179 [main] INFO com.alibaba.nacos.common.labels -- default nacos collect jvm raw labels: null
17:31:43.179 [main] INFO com.alibaba.nacos.common.labels -- default nacos collect jvm labels: {}
17:31:43.179 [main] INFO com.alibaba.nacos.common.labels -- default nacos collect env raw labels: null
17:31:43.179 [main] INFO com.alibaba.nacos.common.labels -- default nacos collect env labels: {}
17:31:43.180 [main] INFO com.alibaba.nacos.common.labels -- DefaultLabelsCollectorManager get labels finished,labels :{}
17:31:43.194 [main] INFO com.alibaba.nacos.plugin.auth.spi.client.ClientAuthPluginManager -- [ClientAuthPluginManager] Load ClientAuthService com.alibaba.nacos.client.auth.impl.NacosClientAuthServiceImpl success.
17:31:43.194 [main] INFO com.alibaba.nacos.plugin.auth.spi.client.ClientAuthPluginManager -- [ClientAuthPluginManager] Load ClientAuthService com.alibaba.nacos.client.auth.ram.RamClientAuthServiceImpl success.
17:31:43.260 [Thread-2] INFO com.alibaba.nacos.client.auth.ram.identify.CredentialWatcher -- null No credential found
17:31:43.281 [main] INFO com.alibaba.nacos.client.config.impl.Limiter -- limitTime:5.0
17:31:43.386 [main] INFO com.alibaba.nacos.client.config.impl.LocalConfigInfoProcessor -- LOCAL_SNAPSHOT_PATH:/home/g0j/nacos/config
17:31:43.391 [main] INFO com.alibaba.nacos.common.remote.client -- [RpcClientFactory] create a new rpc client of 289abd4b-79af-4e7f-9141-d8560f122920_config-0
17:31:43.405 [main] INFO com.alibaba.nacos.common.remote.client -- [289abd4b-79af-4e7f-9141-d8560f122920_config-0] Register server push request handler:com.alibaba.nacos.client.config.impl.ClientWorker$ConfigRpcTransportClient$$Lambda$325/0x00007c75982464c0
17:31:43.406 [main] INFO com.alibaba.nacos.common.remote.client -- [289abd4b-79af-4e7f-9141-d8560f122920_config-0] Register server push request handler:com.alibaba.nacos.client.config.impl.ClientWorker$ConfigRpcTransportClient$$Lambda$326/0x00007c75982468f0
17:31:43.406 [main] INFO com.alibaba.nacos.common.remote.client -- [289abd4b-79af-4e7f-9141-d8560f122920_config-0] Register server push request handler:com.alibaba.nacos.client.config.impl.ClientFuzzyWatchNotifyRequestHandler
17:31:43.406 [main] INFO com.alibaba.nacos.common.remote.client -- [289abd4b-79af-4e7f-9141-d8560f122920_config-0] Registry connection listener to current client:com.alibaba.nacos.client.config.impl.ClientWorker$ConfigRpcTransportClient$1
17:31:43.406 [main] INFO com.alibaba.nacos.common.remote.client -- [289abd4b-79af-4e7f-9141-d8560f122920_config-0] RpcClient init, ServerListFactory = com.alibaba.nacos.client.config.impl.ClientWorker$ConfigRpcTransportClient$2
17:31:43.407 [main] INFO com.alibaba.nacos.common.remote.client -- [289abd4b-79af-4e7f-9141-d8560f122920_config-0] Try to connect to server on start up, server: {serverIp = '127.0.0.1', server main port = 8848}
17:31:43.423 [main] INFO com.alibaba.nacos.common.remote.client.grpc.GrpcClient -- grpc client connection server: 127.0.0.1 ip, serverPort: 9848, grpcTslConfig: {"enableTls":false,"mutualAuthEnable":false,"trustAll":true}
17:31:44.066 [main] INFO com.alibaba.nacos.common.ability.AbstractAbilityControlManager -- Ready to get current node abilities...
17:31:44.068 [main] INFO com.alibaba.nacos.common.ability.AbstractAbilityControlManager -- Ready to initialize current node abilities, support modes: [SDK_CLIENT]
17:31:44.069 [main] INFO com.alibaba.nacos.common.ability.AbstractAbilityControlManager -- Initialize current abilities finish...
17:31:44.070 [main] INFO com.alibaba.nacos.common.ability.discover.NacosAbilityManagerHolder -- [AbilityControlManager] Successfully initialize AbilityControlManager
17:31:44.087 [main] INFO com.alibaba.nacos.common.remote.client -- [289abd4b-79af-4e7f-9141-d8560f122920_config-0] Success to connect to server [127.0.0.1:8848] on start up, connectionId = 1755250303980_127.0.0.1_44806
17:31:44.088 [com.alibaba.nacos.client.remote.worker.0] INFO com.alibaba.nacos.common.remote.client -- [289abd4b-79af-4e7f-9141-d8560f122920_config-0] Notify connected event to listeners.
17:31:44.088 [com.alibaba.nacos.client.remote.worker.0] INFO com.alibaba.nacos.client.config.impl.ClientWorker -- [289abd4b-79af-4e7f-9141-d8560f122920_config-0] Connected,notify listen context...
17:31:44.088 [main] INFO com.alibaba.nacos.common.remote.client -- [289abd4b-79af-4e7f-9141-d8560f122920_config-0] Register server push request handler:com.alibaba.nacos.common.remote.client.RpcClient$ConnectResetRequestHandler
17:31:44.088 [com.alibaba.nacos.client.remote.worker.0] INFO com.alibaba.nacos.client.config.impl.ClientWorker -- [289abd4b-79af-4e7f-9141-d8560f122920_config-0] Connected,notify fuzzy listen context...
17:31:44.088 [main] INFO com.alibaba.nacos.common.remote.client -- [289abd4b-79af-4e7f-9141-d8560f122920_config-0] Register server push request handler:com.alibaba.nacos.common.remote.client.RpcClient$$Lambda$342/0x00007c7598382bf8
17:31:44.155 [main] INFO com.alibaba.nacos.client.config.utils.JvmUtil -- isMultiInstance:false
INFO: Sentinel log output type is: file
INFO: Sentinel log charset is: utf-8
INFO: Sentinel log base directory is: /home/g0j/logs/csp/
INFO: Sentinel log name use pid is: false
INFO: Sentinel log level is: INFO
2025-08-15T17:31:44.401+08:00  WARN 352346 --- [blade-auth] [           main] c.a.c.n.c.NacosConfigDataLoader          : [Nacos Config] config[dataId=blade-auth-dev.yaml, group=DEFAULT_GROUP] is empty
2025-08-15T17:31:44.401+08:00  INFO 352346 --- [blade-auth] [           main] c.a.c.n.c.NacosConfigDataLoader          : [Nacos Config] Load config[dataId=blade-dev.yaml, group=DEFAULT_GROUP] success
2025-08-15T17:31:44.402+08:00  INFO 352346 --- [blade-auth] [           main] c.a.c.n.c.NacosConfigDataLoader          : [Nacos Config] Load config[dataId=blade.yaml, group=DEFAULT_GROUP] success
 _____               _                 ______  _             _
/  ___|             (_)                | ___ \| |           | |
\ `--.  _ __   _ __  _  _ __    __ _   | |_/ /| |  __ _   __| |  ___
 `--. \| '_ \ | '__|| || '_ \  / _` |  | ___ \| | / _` | / _` | / _ \
/\__/ /| |_) || |   | || | | || (_| |  | |_/ /| || (_| || (_| ||  __/
\____/ | .__/ |_|   |_||_| |_| \__, |  \____/ |_| \__,_| \__,_| \___|
       | |                      __/ |
       |_|                     |___/

:: SpringBlade :: blade-auth:dev :: Running SpringBoot 3.5.3 :: 

2025-08-15T17:31:44.799+08:00  INFO 352346 --- [blade-auth] [           main] org.springblade.auth.AuthApplication     : The following 1 profile is active: "dev"
2025-08-15T17:31:44.816+08:00  WARN 352346 --- [blade-auth] [           main] c.a.c.n.c.NacosConfigDataLoader          : [Nacos Config] config[dataId=blade-auth-dev.yaml, group=DEFAULT_GROUP] is empty
2025-08-15T17:31:44.816+08:00  INFO 352346 --- [blade-auth] [           main] c.a.c.n.c.NacosConfigDataLoader          : [Nacos Config] Load config[dataId=blade-dev.yaml, group=DEFAULT_GROUP] success
2025-08-15T17:31:44.816+08:00  INFO 352346 --- [blade-auth] [           main] c.a.c.n.c.NacosConfigDataLoader          : [Nacos Config] Load config[dataId=blade.yaml, group=DEFAULT_GROUP] success
2025-08-15T17:31:45.677+08:00  INFO 352346 --- [blade-auth] [           main] o.s.b.f.s.DefaultListableBeanFactory     : Overriding bean definition for bean 'sentinelWebInterceptor' with a different definition: replacing [Root bean: class=null; scope=; abstract=false; lazyInit=null; autowireMode=3; dependencyCheck=0; autowireCandidate=true; primary=false; fallback=false; factoryBeanName=com.alibaba.cloud.sentinel.SentinelWebAutoConfiguration; factoryMethodName=sentinelWebInterceptor; initMethodNames=null; destroyMethodNames=[(inferred)]; defined in class path resource [com/alibaba/cloud/sentinel/SentinelWebAutoConfiguration.class]] with [Root bean: class=null; scope=; abstract=false; lazyInit=null; autowireMode=3; dependencyCheck=0; autowireCandidate=true; primary=false; fallback=false; factoryBeanName=org.springblade.core.cloud.config.BladeSentinelFilterConfiguration; factoryMethodName=sentinelWebInterceptor; initMethodNames=null; destroyMethodNames=[(inferred)]; defined in class path resource [org/springblade/core/cloud/config/BladeSentinelFilterConfiguration.class]]
2025-08-15T17:31:45.677+08:00  INFO 352346 --- [blade-auth] [           main] o.s.b.f.s.DefaultListableBeanFactory     : Overriding bean definition for bean 'sentinelWebMvcConfig' with a different definition: replacing [Root bean: class=null; scope=; abstract=false; lazyInit=null; autowireMode=3; dependencyCheck=0; autowireCandidate=true; primary=false; fallback=false; factoryBeanName=com.alibaba.cloud.sentinel.SentinelWebAutoConfiguration; factoryMethodName=sentinelWebMvcConfig; initMethodNames=null; destroyMethodNames=[(inferred)]; defined in class path resource [com/alibaba/cloud/sentinel/SentinelWebAutoConfiguration.class]] with [Root bean: class=null; scope=; abstract=false; lazyInit=null; autowireMode=3; dependencyCheck=0; autowireCandidate=true; primary=false; fallback=false; factoryBeanName=org.springblade.core.cloud.config.BladeSentinelFilterConfiguration; factoryMethodName=sentinelWebMvcConfig; initMethodNames=null; destroyMethodNames=[(inferred)]; defined in class path resource [org/springblade/core/cloud/config/BladeSentinelFilterConfiguration.class]]
2025-08-15T17:31:46.159+08:00  INFO 352346 --- [blade-auth] [           main] .s.d.r.c.RepositoryConfigurationDelegate : Multiple Spring Data modules found, entering strict repository configuration mode
2025-08-15T17:31:46.162+08:00  INFO 352346 --- [blade-auth] [           main] .s.d.r.c.RepositoryConfigurationDelegate : Bootstrapping Spring Data Redis repositories in DEFAULT mode.
2025-08-15T17:31:46.185+08:00  INFO 352346 --- [blade-auth] [           main] .s.d.r.c.RepositoryConfigurationDelegate : Finished Spring Data repository scanning in 5 ms. Found 0 Redis repository interfaces.
2025-08-15T17:31:46.321+08:00  WARN 352346 --- [blade-auth] [           main] o.m.s.mapper.ClassPathMapperScanner      : No MyBatis mapper was found in '[org.springblade.auth]' package. Please check your configuration.
2025-08-15T17:31:46.324+08:00  WARN 352346 --- [blade-auth] [           main] o.m.s.mapper.ClassPathMapperScanner      : No MyBatis mapper was found in '[org.springblade.**.mapper.**]' package. Please check your configuration.
2025-08-15T17:31:46.377+08:00  INFO 352346 --- [blade-auth] [           main] o.s.cloud.context.scope.GenericScope     : BeanFactory id=05233f43-fdd9-3d7b-9401-4e5e9be6d5ae
2025-08-15T17:31:46.380+08:00  INFO 352346 --- [blade-auth] [           main] s.c.l.p.BladePropertySourcePostProcessor : BladePropertySourcePostProcessor init.
2025-08-15T17:31:46.417+08:00  INFO 352346 --- [blade-auth] [           main] s.c.l.p.BladePropertySourcePostProcessor : BladePropertySourcePostProcessor process @BladePropertySource bean.
2025-08-15T17:31:46.975+08:00  WARN 352346 --- [blade-auth] [           main] io.undertow.websockets.jsr               : UT026010: Buffer pool was not set on WebSocketDeploymentInfo, the default pool will be used
2025-08-15T17:31:46.993+08:00  INFO 352346 --- [blade-auth] [           main] io.undertow.servlet                      : Initializing Spring embedded WebApplicationContext
2025-08-15T17:31:46.995+08:00  INFO 352346 --- [blade-auth] [           main] w.s.c.ServletWebServerApplicationContext : Root WebApplicationContext: initialization completed in 2178 ms
2025-08-15T17:31:47.828+08:00  INFO 352346 --- [blade-auth] [           main] c.a.d.s.b.a.DruidDataSourceAutoConfigure : Init DruidDataSource
2025-08-15T17:31:48.017+08:00  INFO 352346 --- [blade-auth] [           main] com.alibaba.druid.pool.DruidDataSource   : {dataSource-1} inited
2025-08-15T17:31:48.284+08:00  INFO 352346 --- [blade-auth] [           main] o.s.c.openfeign.FeignClientFactoryBean   : For 'blade-system' URL not provided. Will try picking an instance via load-balancing.
2025-08-15T17:31:48.456+08:00  INFO 352346 --- [blade-auth] [           main] c.a.c.sentinel.SentinelWebMvcConfigurer  : [Sentinel Starter] register SentinelWebInterceptor with urlPatterns: [/**].
2025-08-15T17:31:48.550+08:00  INFO 352346 --- [blade-auth] [           main] .c.c.v.BladeRequestMappingHandlerMapping : Mapped "{GET [/v3/api-docs/{group}], produces [application/json]}" onto org.springdoc.webmvc.api.MultipleOpenApiWebMvcResource#openapiJson(HttpServletRequest, String, String, Locale)
2025-08-15T17:31:48.550+08:00  INFO 352346 --- [blade-auth] [           main] .c.c.v.BladeRequestMappingHandlerMapping : Mapped "{GET [/swagger-ui.html]}" onto org.springdoc.webmvc.ui.SwaggerWelcomeWebMvc#redirectToUi(HttpServletRequest)
2025-08-15T17:31:48.550+08:00  INFO 352346 --- [blade-auth] [           main] .c.c.v.BladeRequestMappingHandlerMapping : Mapped "{ [/oauth/callback/{source}]}" onto org.springblade.auth.controller.SocialController#login(String, AuthCallback)
2025-08-15T17:31:48.551+08:00  INFO 352346 --- [blade-auth] [           main] .c.c.v.BladeRequestMappingHandlerMapping : Mapped "{GET [/v3/api-docs.yaml], produces [application/vnd.oai.openapi]}" onto org.springdoc.webmvc.api.OpenApiWebMvcResource#openapiYaml(HttpServletRequest, String, Locale)
2025-08-15T17:31:48.551+08:00  INFO 352346 --- [blade-auth] [           main] .c.c.v.BladeRequestMappingHandlerMapping : Mapped "{GET [/auth/permissions]}" onto org.springblade.auth.controller.PermissionController#getUserPermissions(Long)
2025-08-15T17:31:48.551+08:00  INFO 352346 --- [blade-auth] [           main] .c.c.v.BladeRequestMappingHandlerMapping : Mapped "{GET [/v3/api-docs], produces [application/json]}" onto org.springdoc.webmvc.api.OpenApiWebMvcResource#openapiJson(HttpServletRequest, String, Locale)
2025-08-15T17:31:48.551+08:00  INFO 352346 --- [blade-auth] [           main] .c.c.v.BladeRequestMappingHandlerMapping : Mapped "{GET [/captcha]}" onto org.springblade.auth.controller.AuthController#captcha()
2025-08-15T17:31:48.551+08:00  INFO 352346 --- [blade-auth] [           main] .c.c.v.BladeRequestMappingHandlerMapping : Mapped "{POST [/token]}" onto org.springblade.auth.controller.AuthController#token(String, String, String, String, String, String, String, String)
2025-08-15T17:31:48.551+08:00  INFO 352346 --- [blade-auth] [           main] .c.c.v.BladeRequestMappingHandlerMapping : Mapped "{ [/oauth/refresh/{source}]}" onto org.springblade.auth.controller.SocialController#refreshAuth(String, String)
2025-08-15T17:31:48.551+08:00  INFO 352346 --- [blade-auth] [           main] .c.c.v.BladeRequestMappingHandlerMapping : Mapped "{ [/oauth/render/{source}]}" onto org.springblade.auth.controller.SocialController#renderAuth(String, HttpServletResponse)
2025-08-15T17:31:48.551+08:00  INFO 352346 --- [blade-auth] [           main] .c.c.v.BladeRequestMappingHandlerMapping : Mapped "{ [/error], produces [text/html]}" onto org.springblade.core.log.error.BladeErrorController#errorHtml(HttpServletRequest, HttpServletResponse)
2025-08-15T17:31:48.551+08:00  INFO 352346 --- [blade-auth] [           main] .c.c.v.BladeRequestMappingHandlerMapping : Mapped "{GET [/v3/api-docs/swagger-config], produces [application/json]}" onto org.springdoc.webmvc.ui.SwaggerConfigResource#openapiJson(HttpServletRequest)
2025-08-15T17:31:48.551+08:00  INFO 352346 --- [blade-auth] [           main] .c.c.v.BladeRequestMappingHandlerMapping : Mapped "{ [/oauth/revoke/{source}/{token}]}" onto org.springblade.auth.controller.SocialController#revokeAuth(String, String)
2025-08-15T17:31:48.551+08:00  INFO 352346 --- [blade-auth] [           main] .c.c.v.BladeRequestMappingHandlerMapping : Mapped "{ [/error]}" onto org.springblade.core.log.error.BladeErrorController#error(HttpServletRequest)
2025-08-15T17:31:48.551+08:00  INFO 352346 --- [blade-auth] [           main] .c.c.v.BladeRequestMappingHandlerMapping : Mapped "{POST [/logout]}" onto org.springblade.auth.controller.AuthController#logout()
2025-08-15T17:31:48.551+08:00  INFO 352346 --- [blade-auth] [           main] .c.c.v.BladeRequestMappingHandlerMapping : Mapped "{GET [/v3/api-docs.yaml/{group}], produces [application/vnd.oai.openapi]}" onto org.springdoc.webmvc.api.MultipleOpenApiWebMvcResource#openapiYaml(HttpServletRequest, String, String, Locale)
 _ _   |_  _ _|_. ___ _ |    _ 
| | |\/|_)(_| | |_\  |_)||_|_\ 
     /               |         
                        3.5.12 
2025-08-15T17:31:49.001+08:00  INFO 352346 --- [blade-auth] [           main] m.e.s.MybatisPlusApplicationContextAware : Register ApplicationContext instances org.springframework.boot.web.servlet.context.AnnotationConfigServletWebServerApplicationContext@1624775
2025-08-15T17:31:49.568+08:00  INFO 352346 --- [blade-auth] [           main] f.a.AutowiredAnnotationBeanPostProcessor : Inconsistent constructor declaration on bean with name 'org.springblade.core.launch.server.ServerInfo': single autowire-marked constructor flagged as optional - this constructor is effectively required since there is no default constructor to fall back to: public org.springblade.core.launch.server.ServerInfo(org.springframework.boot.autoconfigure.web.ServerProperties)
2025-08-15T17:31:49.587+08:00  INFO 352346 --- [blade-auth] [           main] o.s.c.openfeign.FeignClientFactoryBean   : For 'blade-log' URL not provided. Will try picking an instance via load-balancing.
2025-08-15T17:31:49.600+08:00  INFO 352346 --- [blade-auth] [           main] o.s.core.log.logger.BladeLogger          : blade-auth: BladeLogger init success!
2025-08-15T17:31:49.612+08:00  INFO 352346 --- [blade-auth] [           main] o.s.c.redis.pubsub.RedisPubSubPublisher  : RPubSubPublisher init success.
2025-08-15T17:31:50.100+08:00  WARN 352346 --- [blade-auth] [           main] iguration$LoadBalancerCaffeineWarnLogger : Spring Cloud LoadBalancer is currently working with the default cache. While this cache implementation is useful for development and tests, it's recommended to use Caffeine cache in production.You can switch to using Caffeine cache, by adding it and org.springframework.cache.caffeine.CaffeineCacheManager to the classpath.
2025-08-15T17:31:50.115+08:00  INFO 352346 --- [blade-auth] [           main] o.s.b.a.e.web.EndpointLinksResolver      : Exposing 19 endpoints beneath base path '/actuator'
2025-08-15T17:31:50.201+08:00  INFO 352346 --- [blade-auth] [           main] io.undertow                              : starting server: Undertow - 2.3.18.Final
2025-08-15T17:31:50.213+08:00  INFO 352346 --- [blade-auth] [           main] org.xnio                                 : XNIO version 3.8.16.Final
2025-08-15T17:31:50.221+08:00  INFO 352346 --- [blade-auth] [           main] org.xnio.nio                             : XNIO NIO Implementation Version 3.8.16.Final
2025-08-15T17:31:50.237+08:00  INFO 352346 --- [blade-auth] [           main] org.jboss.threads                        : JBoss Threads version 3.5.0.Final
2025-08-15T17:31:50.261+08:00  INFO 352346 --- [blade-auth] [           main] io.undertow                              : stopping server: Undertow - 2.3.18.Final
2025-08-15T17:31:50.269+08:00  WARN 352346 --- [blade-auth] [           main] ConfigServletWebServerApplicationContext : Exception encountered during context initialization - cancelling refresh attempt: org.springframework.context.ApplicationContextException: Failed to start bean 'webServerStartStop'
2025-08-15T17:31:50.276+08:00  INFO 352346 --- [blade-auth] [           main] com.alibaba.druid.pool.DruidDataSource   : {dataSource-1} closing ...
2025-08-15T17:31:50.277+08:00  INFO 352346 --- [blade-auth] [           main] com.alibaba.druid.pool.DruidDataSource   : {dataSource-1} closed
2025-08-15T17:32:10.303+08:00  INFO 352346 --- [blade-auth] [           main] .s.b.a.l.ConditionEvaluationReportLogger : 

Error starting ApplicationContext. To display the condition evaluation report re-run your application with 'debug' enabled.
2025-08-15T17:32:10.318+08:00 ERROR 352346 --- [blade-auth] [           main] o.s.boot.SpringApplication               : Application run failed

org.springframework.context.ApplicationContextException: Failed to start bean 'webServerStartStop'
	at org.springframework.context.support.DefaultLifecycleProcessor.doStart(DefaultLifecycleProcessor.java:408) ~[spring-context-6.2.8.jar!/:6.2.8]
	at org.springframework.context.support.DefaultLifecycleProcessor.doStart(DefaultLifecycleProcessor.java:394) ~[spring-context-6.2.8.jar!/:6.2.8]
	at org.springframework.context.support.DefaultLifecycleProcessor$LifecycleGroup.start(DefaultLifecycleProcessor.java:586) ~[spring-context-6.2.8.jar!/:6.2.8]
	at java.base/java.lang.Iterable.forEach(Iterable.java:75) ~[na:na]
	at org.springframework.context.support.DefaultLifecycleProcessor.startBeans(DefaultLifecycleProcessor.java:364) ~[spring-context-6.2.8.jar!/:6.2.8]
	at org.springframework.context.support.DefaultLifecycleProcessor.onRefresh(DefaultLifecycleProcessor.java:310) ~[spring-context-6.2.8.jar!/:6.2.8]
	at org.springframework.context.support.AbstractApplicationContext.finishRefresh(AbstractApplicationContext.java:1006) ~[spring-context-6.2.8.jar!/:6.2.8]
	at org.springframework.context.support.AbstractApplicationContext.refresh(AbstractApplicationContext.java:630) ~[spring-context-6.2.8.jar!/:6.2.8]
	at org.springframework.boot.web.servlet.context.ServletWebServerApplicationContext.refresh(ServletWebServerApplicationContext.java:146) ~[spring-boot-3.5.3.jar!/:3.5.3]
	at org.springframework.boot.SpringApplication.refresh(SpringApplication.java:752) ~[spring-boot-3.5.3.jar!/:3.5.3]
	at org.springframework.boot.SpringApplication.refreshContext(SpringApplication.java:439) ~[spring-boot-3.5.3.jar!/:3.5.3]
	at org.springframework.boot.SpringApplication.run(SpringApplication.java:318) ~[spring-boot-3.5.3.jar!/:3.5.3]
	at org.springframework.boot.builder.SpringApplicationBuilder.run(SpringApplicationBuilder.java:149) ~[spring-boot-3.5.3.jar!/:3.5.3]
	at org.springblade.core.launch.BladeApplication.run(BladeApplication.java:48) ~[blade-core-launch-4.6.0.jar!/:4.6.0]
	at org.springblade.auth.AuthApplication.main(AuthApplication.java:36) ~[!/:na]
	at java.base/jdk.internal.reflect.NativeMethodAccessorImpl.invoke0(Native Method) ~[na:na]
	at java.base/jdk.internal.reflect.NativeMethodAccessorImpl.invoke(NativeMethodAccessorImpl.java:77) ~[na:na]
	at java.base/jdk.internal.reflect.DelegatingMethodAccessorImpl.invoke(DelegatingMethodAccessorImpl.java:43) ~[na:na]
	at java.base/java.lang.reflect.Method.invoke(Method.java:569) ~[na:na]
	at org.springframework.boot.loader.launch.Launcher.launch(Launcher.java:102) ~[blade-auth.jar:na]
	at org.springframework.boot.loader.launch.Launcher.launch(Launcher.java:64) ~[blade-auth.jar:na]
	at org.springframework.boot.loader.launch.JarLauncher.main(JarLauncher.java:40) ~[blade-auth.jar:na]
Caused by: org.springframework.boot.web.server.WebServerException: Unable to start embedded Undertow
	at org.springframework.boot.web.embedded.undertow.UndertowWebServer.start(UndertowWebServer.java:132) ~[spring-boot-3.5.3.jar!/:3.5.3]
	at org.springframework.boot.web.servlet.context.WebServerStartStopLifecycle.start(WebServerStartStopLifecycle.java:44) ~[spring-boot-3.5.3.jar!/:3.5.3]
	at org.springframework.context.support.DefaultLifecycleProcessor.doStart(DefaultLifecycleProcessor.java:405) ~[spring-context-6.2.8.jar!/:6.2.8]
	... 21 common frames omitted
Caused by: java.lang.RuntimeException: java.net.BindException: 地址已在使用
	at io.undertow.Undertow.start(Undertow.java:254) ~[undertow-core-2.3.18.Final.jar!/:2.3.18.Final]
	at org.springframework.boot.web.embedded.undertow.UndertowWebServer.start(UndertowWebServer.java:118) ~[spring-boot-3.5.3.jar!/:3.5.3]
	... 23 common frames omitted
Caused by: java.net.BindException: 地址已在使用
	at java.base/sun.nio.ch.Net.bind0(Native Method) ~[na:na]
	at java.base/sun.nio.ch.Net.bind(Net.java:555) ~[na:na]
	at java.base/sun.nio.ch.ServerSocketChannelImpl.netBind(ServerSocketChannelImpl.java:337) ~[na:na]
	at java.base/sun.nio.ch.ServerSocketChannelImpl.bind(ServerSocketChannelImpl.java:294) ~[na:na]
	at java.base/sun.nio.ch.ServerSocketAdaptor.bind(ServerSocketAdaptor.java:89) ~[na:na]
	at org.xnio.nio.NioXnioWorker.createTcpConnectionServer(NioXnioWorker.java:178) ~[xnio-nio-3.8.16.Final.jar!/:3.8.16.Final]
	at org.xnio.XnioWorker.createStreamConnectionServer(XnioWorker.java:310) ~[xnio-api-3.8.16.Final.jar!/:3.8.16.Final]
	at io.undertow.Undertow.start(Undertow.java:196) ~[undertow-core-2.3.18.Final.jar!/:2.3.18.Final]
	... 24 common frames omitted

2025-08-15T17:32:11.285+08:00  INFO 352346 --- [blade-auth] [       Thread-5] c.a.nacos.common.notify.NotifyCenter     : [NotifyCenter] Start destroying Publisher
2025-08-15T17:32:11.285+08:00  INFO 352346 --- [blade-auth] [       Thread-1] c.a.n.common.executor.ThreadPoolManager  : [ThreadPoolManager] Start destroying ThreadPool
2025-08-15T17:32:11.285+08:00  INFO 352346 --- [blade-auth] [       Thread-5] c.a.nacos.common.notify.NotifyCenter     : [NotifyCenter] Completed destruction of Publisher
2025-08-15T17:32:11.285+08:00  INFO 352346 --- [blade-auth] [       Thread-3] c.a.n.common.http.HttpClientBeanHolder   : [HttpClientBeanHolder] Start destroying common HttpClient
2025-08-15T17:32:11.285+08:00  INFO 352346 --- [blade-auth] [       Thread-1] c.a.n.common.executor.ThreadPoolManager  : [ThreadPoolManager] Completed destruction of ThreadPool
